2024-03-16 03:13:34,898 INFO o.a.j.u.JMeterUtils: Setting Locale to en_EN
2024-03-16 03:13:34,929 INFO o.a.j.JMeter: Loading user properties from: user.properties
2024-03-16 03:13:34,929 INFO o.a.j.JMeter: Loading system properties from: system.properties
2024-03-16 03:13:34,935 INFO o.a.j.JMeter: Copyright (c) 1998-2024 The Apache Software Foundation
2024-03-16 03:13:34,935 INFO o.a.j.JMeter: Version 5.6.3
2024-03-16 03:13:34,935 INFO o.a.j.JMeter: java.version=21.0.2
2024-03-16 03:13:34,935 INFO o.a.j.JMeter: java.vm.name=Java HotSpot(TM) 64-Bit Server VM
2024-03-16 03:13:34,935 INFO o.a.j.JMeter: os.name=Windows 10
2024-03-16 03:13:34,935 INFO o.a.j.JMeter: os.arch=amd64
2024-03-16 03:13:34,935 INFO o.a.j.JMeter: os.version=10.0
2024-03-16 03:13:34,935 INFO o.a.j.JMeter: file.encoding=UTF-8
2024-03-16 03:13:34,935 INFO o.a.j.JMeter: java.awt.headless=null
2024-03-16 03:13:34,935 INFO o.a.j.JMeter: Max memory     =1073741824
2024-03-16 03:13:34,935 INFO o.a.j.JMeter: Available Processors =8
2024-03-16 03:13:34,951 INFO o.a.j.JMeter: Default Locale=English (EN)
2024-03-16 03:13:34,967 INFO o.a.j.JMeter: JMeter  Locale=English (EN)
2024-03-16 03:13:34,967 INFO o.a.j.JMeter: JMeterHome=C:\apache-jmeter-5.6.3up\apache-jmeter-5.6.3
2024-03-16 03:13:34,967 INFO o.a.j.JMeter: user.dir  =C:\apache-jmeter-5.6.3up\apache-jmeter-5.6.3\bin
2024-03-16 03:13:34,967 INFO o.a.j.JMeter: PWD       =C:\apache-jmeter-5.6.3up\apache-jmeter-5.6.3\bin
2024-03-16 03:13:35,152 INFO o.a.j.JMeter: IP: 192.168.1.25 Name: DESKTOP-437CIBC FullName: 192.168.1.25
2024-03-16 03:13:35,167 INFO o.a.j.JMeter: Loaded icon properties from org/apache/jmeter/images/icon.properties
